<?xml version="1.0" encoding="UTF-8"?>
<!-- Generated by org.testng.reporters.JUnitXMLReporter -->
<testsuite ignored="0" hostname="DESKTOP-GQU24M3" failures="4" tests="16" name="test2" time="1596.239" errors="0" timestamp="2025-07-14T12:43:14 IST">
  <testcase classname="com.tripgain.roundtriptestscripts.TCRT_04_VerifySearchFunctionalityForRoundTripForDomesticFiveDays" name="myTest" time="62.907"/>
  <testcase classname="com.tripgain.roundtriptestscripts.TCRT_04_VerifySearchFunctionalityForRoundTripForDomesticFiveDays" name="myTest" time="89.235"/>
  <testcase classname="com.tripgain.roundtriptestscripts.TCRT_04_VerifySearchFunctionalityForRoundTripForDomesticFiveDays" name="myTest" time="113.726">
    <failure type="java.lang.AssertionError" message="Exception in searchFlightsOnHomePage: Expected condition failed: waiting for visibility of element located by By.className: tg-sort-owcarrier (tried for 80 second(s) with 500 milliseconds interval)
Build info: version: &amp;apos;4.29.0&amp;apos;, revision: &amp;apos;5fc1ec94cb&amp;apos;
System info: os.name: &amp;apos;Windows 11&amp;apos;, os.arch: &amp;apos;amd64&amp;apos;, os.version: &amp;apos;10.0&amp;apos;, java.version: &amp;apos;23.0.2&amp;apos;
Driver info: org.openqa.selenium.chrome.ChromeDriver
Capabilities {acceptInsecureCerts: false, browserName: chrome, browserVersion: 138.0.7204.97, chrome: {chromedriverVersion: 138.0.7204.94 (545025748884..., userDataDir: C:\Users\HP\AppData\Local\T...}, fedcm:accounts: true, goog:chromeOptions: {debuggerAddress: localhost:57921}, networkConnectionEnabled: false, pageLoadStrategy: normal, platformName: windows, proxy: Proxy(), se:cdp: ws://localhost:57921/devtoo..., se:cdpVersion: 138.0.7204.97, setWindowRect: true, strictFileInteractability: false, timeouts: {implicit: 0, pageLoad: 300000, script: 30000}, unhandledPromptBehavior: dismiss and notify, webauthn:extension:credBlob: true, webauthn:extension:largeBlob: true, webauthn:extension:minPinLength: true, webauthn:extension:prf: true, webauthn:virtualAuthenticators: true}
Session ID: 6bf42110be610e0b2418c33e21189a0c">
      <![CDATA[java.lang.AssertionError: Exception in searchFlightsOnHomePage: Expected condition failed: waiting for visibility of element located by By.className: tg-sort-owcarrier (tried for 80 second(s) with 500 milliseconds interval)
Build info: version: '4.29.0', revision: '5fc1ec94cb'
System info: os.name: 'Windows 11', os.arch: 'amd64', os.version: '10.0', java.version: '23.0.2'
Driver info: org.openqa.selenium.chrome.ChromeDriver
Capabilities {acceptInsecureCerts: false, browserName: chrome, browserVersion: 138.0.7204.97, chrome: {chromedriverVersion: 138.0.7204.94 (545025748884..., userDataDir: C:\Users\HP\AppData\Local\T...}, fedcm:accounts: true, goog:chromeOptions: {debuggerAddress: localhost:57921}, networkConnectionEnabled: false, pageLoadStrategy: normal, platformName: windows, proxy: Proxy(), se:cdp: ws://localhost:57921/devtoo..., se:cdpVersion: 138.0.7204.97, setWindowRect: true, strictFileInteractability: false, timeouts: {implicit: 0, pageLoad: 300000, script: 30000}, unhandledPromptBehavior: dismiss and notify, webauthn:extension:credBlob: true, webauthn:extension:largeBlob: true, webauthn:extension:minPinLength: true, webauthn:extension:prf: true, webauthn:virtualAuthenticators: true}
Session ID: 6bf42110be610e0b2418c33e21189a0c
at com.tripgain.collectionofpages.Tripgain_homepage.searchFlightsOnHomePageForRoundTripForDomestic(Tripgain_homepage.java:686)
at com.tripgain.roundtriptestscripts.TCRT_04_VerifySearchFunctionalityForRoundTripForDomesticFiveDays.myTest(TCRT_04_VerifySearchFunctionalityForRoundTripForDomesticFiveDays.java:71)
at java.base/java.util.ArrayList.forEach(ArrayList.java:1597)
at java.base/java.util.concurrent.FutureTask.run(FutureTask.java:317)
at java.base/java.util.concurrent.ThreadPoolExecutor.runWorker(ThreadPoolExecutor.java:1144)
at java.base/java.util.concurrent.ThreadPoolExecutor$Worker.run(ThreadPoolExecutor.java:642)
at java.base/java.lang.Thread.run(Thread.java:1575)
... Removed 16 stack frames]]>
    </failure>
  </testcase> <!-- myTest -->
  <testcase classname="com.tripgain.roundtriptestscripts.TCRT_04_VerifySearchFunctionalityForRoundTripForDomesticFiveDays" name="myTest" time="67.263"/>
  <testcase classname="com.tripgain.roundtriptestscripts.TCRT_02_VerifySearchFunctionalityForRoundTripForDomesticTwoDays" name="myTest" time="110.392">
    <failure type="java.lang.AssertionError" message="Exception in searchFlightsOnHomePage: Expected condition failed: waiting for visibility of element located by By.className: tg-sort-owcarrier (tried for 80 second(s) with 500 milliseconds interval)
Build info: version: &amp;apos;4.29.0&amp;apos;, revision: &amp;apos;5fc1ec94cb&amp;apos;
System info: os.name: &amp;apos;Windows 11&amp;apos;, os.arch: &amp;apos;amd64&amp;apos;, os.version: &amp;apos;10.0&amp;apos;, java.version: &amp;apos;23.0.2&amp;apos;
Driver info: org.openqa.selenium.chrome.ChromeDriver
Capabilities {acceptInsecureCerts: false, browserName: chrome, browserVersion: 138.0.7204.97, chrome: {chromedriverVersion: 138.0.7204.94 (545025748884..., userDataDir: C:\Users\HP\AppData\Local\T...}, fedcm:accounts: true, goog:chromeOptions: {debuggerAddress: localhost:58124}, networkConnectionEnabled: false, pageLoadStrategy: normal, platformName: windows, proxy: Proxy(), se:cdp: ws://localhost:58124/devtoo..., se:cdpVersion: 138.0.7204.97, setWindowRect: true, strictFileInteractability: false, timeouts: {implicit: 0, pageLoad: 300000, script: 30000}, unhandledPromptBehavior: dismiss and notify, webauthn:extension:credBlob: true, webauthn:extension:largeBlob: true, webauthn:extension:minPinLength: true, webauthn:extension:prf: true, webauthn:virtualAuthenticators: true}
Session ID: 2d82cd691cea58645a059ad833959ae5">
      <![CDATA[java.lang.AssertionError: Exception in searchFlightsOnHomePage: Expected condition failed: waiting for visibility of element located by By.className: tg-sort-owcarrier (tried for 80 second(s) with 500 milliseconds interval)
Build info: version: '4.29.0', revision: '5fc1ec94cb'
System info: os.name: 'Windows 11', os.arch: 'amd64', os.version: '10.0', java.version: '23.0.2'
Driver info: org.openqa.selenium.chrome.ChromeDriver
Capabilities {acceptInsecureCerts: false, browserName: chrome, browserVersion: 138.0.7204.97, chrome: {chromedriverVersion: 138.0.7204.94 (545025748884..., userDataDir: C:\Users\HP\AppData\Local\T...}, fedcm:accounts: true, goog:chromeOptions: {debuggerAddress: localhost:58124}, networkConnectionEnabled: false, pageLoadStrategy: normal, platformName: windows, proxy: Proxy(), se:cdp: ws://localhost:58124/devtoo..., se:cdpVersion: 138.0.7204.97, setWindowRect: true, strictFileInteractability: false, timeouts: {implicit: 0, pageLoad: 300000, script: 30000}, unhandledPromptBehavior: dismiss and notify, webauthn:extension:credBlob: true, webauthn:extension:largeBlob: true, webauthn:extension:minPinLength: true, webauthn:extension:prf: true, webauthn:virtualAuthenticators: true}
Session ID: 2d82cd691cea58645a059ad833959ae5
at com.tripgain.collectionofpages.Tripgain_homepage.searchFlightsOnHomePageForRoundTripForDomestic(Tripgain_homepage.java:686)
at com.tripgain.roundtriptestscripts.TCRT_02_VerifySearchFunctionalityForRoundTripForDomesticTwoDays.myTest(TCRT_02_VerifySearchFunctionalityForRoundTripForDomesticTwoDays.java:71)
at java.base/java.util.ArrayList.forEach(ArrayList.java:1597)
at java.base/java.util.concurrent.FutureTask.run(FutureTask.java:317)
at java.base/java.util.concurrent.ThreadPoolExecutor.runWorker(ThreadPoolExecutor.java:1144)
at java.base/java.util.concurrent.ThreadPoolExecutor$Worker.run(ThreadPoolExecutor.java:642)
at java.base/java.lang.Thread.run(Thread.java:1575)
... Removed 16 stack frames]]>
    </failure>
  </testcase> <!-- myTest -->
  <testcase classname="com.tripgain.roundtriptestscripts.TCRT_02_VerifySearchFunctionalityForRoundTripForDomesticTwoDays" name="myTest" time="65.028"/>
  <testcase classname="com.tripgain.roundtriptestscripts.TCRT_02_VerifySearchFunctionalityForRoundTripForDomesticTwoDays" name="myTest" time="110.218">
    <failure type="java.lang.AssertionError" message="Exception in searchFlightsOnHomePage: Expected condition failed: waiting for visibility of element located by By.className: tg-sort-owcarrier (tried for 80 second(s) with 500 milliseconds interval)
Build info: version: &amp;apos;4.29.0&amp;apos;, revision: &amp;apos;5fc1ec94cb&amp;apos;
System info: os.name: &amp;apos;Windows 11&amp;apos;, os.arch: &amp;apos;amd64&amp;apos;, os.version: &amp;apos;10.0&amp;apos;, java.version: &amp;apos;23.0.2&amp;apos;
Driver info: org.openqa.selenium.chrome.ChromeDriver
Capabilities {acceptInsecureCerts: false, browserName: chrome, browserVersion: 138.0.7204.97, chrome: {chromedriverVersion: 138.0.7204.94 (545025748884..., userDataDir: C:\Users\HP\AppData\Local\T...}, fedcm:accounts: true, goog:chromeOptions: {debuggerAddress: localhost:58333}, networkConnectionEnabled: false, pageLoadStrategy: normal, platformName: windows, proxy: Proxy(), se:cdp: ws://localhost:58333/devtoo..., se:cdpVersion: 138.0.7204.97, setWindowRect: true, strictFileInteractability: false, timeouts: {implicit: 0, pageLoad: 300000, script: 30000}, unhandledPromptBehavior: dismiss and notify, webauthn:extension:credBlob: true, webauthn:extension:largeBlob: true, webauthn:extension:minPinLength: true, webauthn:extension:prf: true, webauthn:virtualAuthenticators: true}
Session ID: 5750c9c4e210736adc1124a767fe5eff">
      <![CDATA[java.lang.AssertionError: Exception in searchFlightsOnHomePage: Expected condition failed: waiting for visibility of element located by By.className: tg-sort-owcarrier (tried for 80 second(s) with 500 milliseconds interval)
Build info: version: '4.29.0', revision: '5fc1ec94cb'
System info: os.name: 'Windows 11', os.arch: 'amd64', os.version: '10.0', java.version: '23.0.2'
Driver info: org.openqa.selenium.chrome.ChromeDriver
Capabilities {acceptInsecureCerts: false, browserName: chrome, browserVersion: 138.0.7204.97, chrome: {chromedriverVersion: 138.0.7204.94 (545025748884..., userDataDir: C:\Users\HP\AppData\Local\T...}, fedcm:accounts: true, goog:chromeOptions: {debuggerAddress: localhost:58333}, networkConnectionEnabled: false, pageLoadStrategy: normal, platformName: windows, proxy: Proxy(), se:cdp: ws://localhost:58333/devtoo..., se:cdpVersion: 138.0.7204.97, setWindowRect: true, strictFileInteractability: false, timeouts: {implicit: 0, pageLoad: 300000, script: 30000}, unhandledPromptBehavior: dismiss and notify, webauthn:extension:credBlob: true, webauthn:extension:largeBlob: true, webauthn:extension:minPinLength: true, webauthn:extension:prf: true, webauthn:virtualAuthenticators: true}
Session ID: 5750c9c4e210736adc1124a767fe5eff
at com.tripgain.collectionofpages.Tripgain_homepage.searchFlightsOnHomePageForRoundTripForDomestic(Tripgain_homepage.java:686)
at com.tripgain.roundtriptestscripts.TCRT_02_VerifySearchFunctionalityForRoundTripForDomesticTwoDays.myTest(TCRT_02_VerifySearchFunctionalityForRoundTripForDomesticTwoDays.java:71)
at java.base/java.util.ArrayList.forEach(ArrayList.java:1597)
at java.base/java.util.concurrent.FutureTask.run(FutureTask.java:317)
at java.base/java.util.concurrent.ThreadPoolExecutor.runWorker(ThreadPoolExecutor.java:1144)
at java.base/java.util.concurrent.ThreadPoolExecutor$Worker.run(ThreadPoolExecutor.java:642)
at java.base/java.lang.Thread.run(Thread.java:1575)
... Removed 16 stack frames]]>
    </failure>
  </testcase> <!-- myTest -->
  <testcase classname="com.tripgain.roundtriptestscripts.TCRT_02_VerifySearchFunctionalityForRoundTripForDomesticTwoDays" name="myTest" time="61.011"/>
  <testcase classname="com.tripgain.roundtriptestscripts.TCRT_03_VerifySearchFunctionalityForRoundTripForInternationalFiveDays" name="myTest" time="127.977"/>
  <testcase classname="com.tripgain.roundtriptestscripts.TCRT_03_VerifySearchFunctionalityForRoundTripForInternationalFiveDays" name="myTest" time="110.084"/>
  <testcase classname="com.tripgain.roundtriptestscripts.TCRT_03_VerifySearchFunctionalityForRoundTripForInternationalFiveDays" name="myTest" time="105.133"/>
  <testcase classname="com.tripgain.roundtriptestscripts.TCRT_03_VerifySearchFunctionalityForRoundTripForInternationalFiveDays" name="myTest" time="102.271"/>
  <testcase classname="com.tripgain.roundtriptestscripts.TCRT_01_VerifySearchFunctionalityForRoundTripForInternationalTwoDays" name="myTest" time="89.417">
    <failure type="java.lang.AssertionError" message="Exception in searchFlightsOnHomePage: Expected condition failed: waiting for visibility of element located by By.xpath: (//*[contains(@class,&amp;apos;tg-intl-departing&amp;apos;)])[1] (tried for 60 second(s) with 500 milliseconds interval)
Build info: version: &amp;apos;4.29.0&amp;apos;, revision: &amp;apos;5fc1ec94cb&amp;apos;
System info: os.name: &amp;apos;Windows 11&amp;apos;, os.arch: &amp;apos;amd64&amp;apos;, os.version: &amp;apos;10.0&amp;apos;, java.version: &amp;apos;23.0.2&amp;apos;
Driver info: org.openqa.selenium.chrome.ChromeDriver
Capabilities {acceptInsecureCerts: false, browserName: chrome, browserVersion: 138.0.7204.97, chrome: {chromedriverVersion: 138.0.7204.94 (545025748884..., userDataDir: C:\Users\HP\AppData\Local\T...}, fedcm:accounts: true, goog:chromeOptions: {debuggerAddress: localhost:59004}, networkConnectionEnabled: false, pageLoadStrategy: normal, platformName: windows, proxy: Proxy(), se:cdp: ws://localhost:59004/devtoo..., se:cdpVersion: 138.0.7204.97, setWindowRect: true, strictFileInteractability: false, timeouts: {implicit: 0, pageLoad: 300000, script: 30000}, unhandledPromptBehavior: dismiss and notify, webauthn:extension:credBlob: true, webauthn:extension:largeBlob: true, webauthn:extension:minPinLength: true, webauthn:extension:prf: true, webauthn:virtualAuthenticators: true}
Session ID: 5a78f6cefb5d18577b6de13001b64440">
      <![CDATA[java.lang.AssertionError: Exception in searchFlightsOnHomePage: Expected condition failed: waiting for visibility of element located by By.xpath: (//*[contains(@class,'tg-intl-departing')])[1] (tried for 60 second(s) with 500 milliseconds interval)
Build info: version: '4.29.0', revision: '5fc1ec94cb'
System info: os.name: 'Windows 11', os.arch: 'amd64', os.version: '10.0', java.version: '23.0.2'
Driver info: org.openqa.selenium.chrome.ChromeDriver
Capabilities {acceptInsecureCerts: false, browserName: chrome, browserVersion: 138.0.7204.97, chrome: {chromedriverVersion: 138.0.7204.94 (545025748884..., userDataDir: C:\Users\HP\AppData\Local\T...}, fedcm:accounts: true, goog:chromeOptions: {debuggerAddress: localhost:59004}, networkConnectionEnabled: false, pageLoadStrategy: normal, platformName: windows, proxy: Proxy(), se:cdp: ws://localhost:59004/devtoo..., se:cdpVersion: 138.0.7204.97, setWindowRect: true, strictFileInteractability: false, timeouts: {implicit: 0, pageLoad: 300000, script: 30000}, unhandledPromptBehavior: dismiss and notify, webauthn:extension:credBlob: true, webauthn:extension:largeBlob: true, webauthn:extension:minPinLength: true, webauthn:extension:prf: true, webauthn:virtualAuthenticators: true}
Session ID: 5a78f6cefb5d18577b6de13001b64440
at com.tripgain.collectionofpages.Tripgain_homepage.searchFlightsOnHomePageForRoundTripForInternational(Tripgain_homepage.java:638)
at com.tripgain.roundtriptestscripts.TCRT_01_VerifySearchFunctionalityForRoundTripForInternationalTwoDays.myTest(TCRT_01_VerifySearchFunctionalityForRoundTripForInternationalTwoDays.java:69)
at java.base/java.util.ArrayList.forEach(ArrayList.java:1597)
at java.base/java.util.concurrent.FutureTask.run(FutureTask.java:317)
at java.base/java.util.concurrent.ThreadPoolExecutor.runWorker(ThreadPoolExecutor.java:1144)
at java.base/java.util.concurrent.ThreadPoolExecutor$Worker.run(ThreadPoolExecutor.java:642)
at java.base/java.lang.Thread.run(Thread.java:1575)
... Removed 16 stack frames]]>
    </failure>
  </testcase> <!-- myTest -->
  <testcase classname="com.tripgain.roundtriptestscripts.TCRT_01_VerifySearchFunctionalityForRoundTripForInternationalTwoDays" name="myTest" time="121.052"/>
  <testcase classname="com.tripgain.roundtriptestscripts.TCRT_01_VerifySearchFunctionalityForRoundTripForInternationalTwoDays" name="myTest" time="105.463"/>
  <testcase classname="com.tripgain.roundtriptestscripts.TCRT_01_VerifySearchFunctionalityForRoundTripForInternationalTwoDays" name="myTest" time="118.041"/>
</testsuite> <!-- test2 -->
