<?xml version="1.0" encoding="UTF-8"?>
<testng-results ignored="0" total="2" passed="0" failed="2" skipped="0">
  <reporter-output>
  </reporter-output>
  <suite started-at="2025-07-28T11:12:06 IST" name="Suite" finished-at="2025-07-28T11:12:34 IST" duration-ms="27299">
    <groups>
    </groups>
    <test started-at="2025-07-28T11:12:06 IST" name="test4" finished-at="2025-07-28T11:12:06 IST" duration-ms="15">
    </test> <!-- test4 -->
    <test started-at="2025-07-28T11:12:06 IST" name="test3" finished-at="2025-07-28T11:12:06 IST" duration-ms="15">
    </test> <!-- test3 -->
    <test started-at="2025-07-28T11:12:06 IST" name="test" finished-at="2025-07-28T11:12:06 IST" duration-ms="15">
    </test> <!-- test -->
    <test started-at="2025-07-28T11:12:06 IST" name="test2" finished-at="2025-07-28T11:12:06 IST" duration-ms="15">
    </test> <!-- test2 -->
    <test started-at="2025-07-28T11:12:06 IST" name="test1" finished-at="2025-07-28T11:12:06 IST" duration-ms="15">
    </test> <!-- test1 -->
    <test started-at="2025-07-28T11:12:07 IST" name="test5" finished-at="2025-07-28T11:12:07 IST" duration-ms="2">
    </test> <!-- test5 -->
    <test started-at="2025-07-28T11:12:07 IST" name="test6" finished-at="2025-07-28T11:12:34 IST" duration-ms="27184">
      <class name="com.tripgain.trainScripts.TCT_12_VerifySearchFunctionalityForTrainsForTenDays">
        <test-method is-config="true" signature="launchApplication(java.lang.String,java.lang.reflect.Method,[Ljava.lang.Object;)[pri:0, instance:com.tripgain.trainScripts.TCT_12_VerifySearchFunctionalityForTrainsForTenDays@3bd82cf5]" started-at="2025-07-28T11:12:08 IST" name="launchApplication" finished-at="2025-07-28T11:12:10 IST" duration-ms="2252" status="PASS">
          <params>
            <param index="0">
              <value>
                <![CDATA[chrome]]>
              </value>
            </param>
            <param index="1">
              <value>
                <![CDATA[public void com.tripgain.trainScripts.TCT_12_VerifySearchFunctionalityForTrainsForTenDays.myTest(java.util.Map) throws java.lang.InterruptedException,java.io.IOException]]>
              </value>
            </param>
            <param index="2">
              <value>
                <![CDATA[[Ljava.lang.Object;@1613674b]]>
              </value>
            </param>
          </params>
          <reporter-output>
          </reporter-output>
        </test-method> <!-- launchApplication -->
        <test-method signature="myTest(java.util.Map)[pri:0, instance:com.tripgain.trainScripts.TCT_12_VerifySearchFunctionalityForTrainsForTenDays@3bd82cf5]" started-at="2025-07-28T11:12:10 IST" name="myTest" data-provider="sheetBasedData" finished-at="2025-07-28T11:12:20 IST" duration-ms="10406" status="FAIL">
          <params>
            <param index="0">
              <value>
                <![CDATA[{Origin=CTC, Destination=BALU, UserName=testtraveller98@tripgain.com, TestRun=, TravelOption=Trains, URL=https://v3.tripgain.com/login, Password=@AM@TGA1$29TN}]]>
              </value>
            </param>
          </params>
          <exception class="java.lang.AssertionError">
            <message>
              <![CDATA[null]]>
            </message>
            <full-stacktrace>
              <![CDATA[java.lang.AssertionError: null
at org.testng.Assert.fail(Assert.java:111)
at org.testng.Assert.fail(Assert.java:116)
at com.tripgain.trainScripts.TCT_12_VerifySearchFunctionalityForTrainsForTenDays.myTest(TCT_12_VerifySearchFunctionalityForTrainsForTenDays.java:196)
at java.base/jdk.internal.reflect.DirectMethodHandleAccessor.invoke(DirectMethodHandleAccessor.java:103)
at java.base/java.lang.reflect.Method.invoke(Method.java:580)
at org.testng.internal.invokers.MethodInvocationHelper.invokeMethod(MethodInvocationHelper.java:141)
at org.testng.internal.invokers.TestInvoker.invokeMethod(TestInvoker.java:687)
at org.testng.internal.invokers.TestInvoker.invokeTestMethod(TestInvoker.java:230)
at org.testng.internal.invokers.MethodRunner.runInSequence(MethodRunner.java:63)
at org.testng.internal.invokers.TestInvoker$MethodInvocationAgent.invoke(TestInvoker.java:995)
at org.testng.internal.invokers.TestInvoker.invokeTestMethods(TestInvoker.java:203)
at org.testng.internal.invokers.TestMethodWorker.invokeTestMethods(TestMethodWorker.java:154)
at org.testng.internal.invokers.TestMethodWorker.run(TestMethodWorker.java:134)
at java.base/java.util.ArrayList.forEach(ArrayList.java:1596)
at org.testng.TestRunner.privateRun(TestRunner.java:741)
at org.testng.TestRunner.run(TestRunner.java:616)
at org.testng.SuiteRunner.runTest(SuiteRunner.java:421)
at org.testng.SuiteRunner$SuiteWorker.run(SuiteRunner.java:463)
at org.testng.internal.thread.ThreadUtil.lambda$execute$0(ThreadUtil.java:64)
at java.base/java.util.concurrent.FutureTask.run(FutureTask.java:317)
at java.base/java.util.concurrent.ThreadPoolExecutor.runWorker(ThreadPoolExecutor.java:1144)
at java.base/java.util.concurrent.ThreadPoolExecutor$Worker.run(ThreadPoolExecutor.java:642)
at java.base/java.lang.Thread.run(Thread.java:1583)
]]>
            </full-stacktrace>
          </exception> <!-- java.lang.AssertionError -->
          <reporter-output>
          </reporter-output>
        </test-method> <!-- myTest -->
        <test-method is-config="true" signature="tearDown()[pri:0, instance:com.tripgain.trainScripts.TCT_12_VerifySearchFunctionalityForTrainsForTenDays@3bd82cf5]" started-at="2025-07-28T11:12:20 IST" name="tearDown" finished-at="2025-07-28T11:12:21 IST" duration-ms="945" status="PASS">
          <reporter-output>
          </reporter-output>
        </test-method> <!-- tearDown -->
        <test-method is-config="true" signature="launchApplication(java.lang.String,java.lang.reflect.Method,[Ljava.lang.Object;)[pri:0, instance:com.tripgain.trainScripts.TCT_12_VerifySearchFunctionalityForTrainsForTenDays@3bd82cf5]" started-at="2025-07-28T11:12:21 IST" name="launchApplication" finished-at="2025-07-28T11:12:23 IST" duration-ms="1919" status="PASS">
          <params>
            <param index="0">
              <value>
                <![CDATA[chrome]]>
              </value>
            </param>
            <param index="1">
              <value>
                <![CDATA[public void com.tripgain.trainScripts.TCT_12_VerifySearchFunctionalityForTrainsForTenDays.myTest(java.util.Map) throws java.lang.InterruptedException,java.io.IOException]]>
              </value>
            </param>
            <param index="2">
              <value>
                <![CDATA[[Ljava.lang.Object;@27ff5d15]]>
              </value>
            </param>
          </params>
          <reporter-output>
          </reporter-output>
        </test-method> <!-- launchApplication -->
        <test-method signature="myTest(java.util.Map)[pri:0, instance:com.tripgain.trainScripts.TCT_12_VerifySearchFunctionalityForTrainsForTenDays@3bd82cf5]" started-at="2025-07-28T11:12:23 IST" name="myTest" data-provider="sheetBasedData" finished-at="2025-07-28T11:12:34 IST" duration-ms="10318" status="FAIL">
          <params>
            <param index="0">
              <value>
                <![CDATA[{Origin=KGP, Destination=HWH, UserName=testtraveller98@tripgain.com, TestRun=, TravelOption=Trains, URL=https://v3.tripgain.com/login, Password=@AM@TGA1$29TN}]]>
              </value>
            </param>
          </params>
          <exception class="java.lang.AssertionError">
            <message>
              <![CDATA[null]]>
            </message>
            <full-stacktrace>
              <![CDATA[java.lang.AssertionError: null
at org.testng.Assert.fail(Assert.java:111)
at org.testng.Assert.fail(Assert.java:116)
at com.tripgain.trainScripts.TCT_12_VerifySearchFunctionalityForTrainsForTenDays.myTest(TCT_12_VerifySearchFunctionalityForTrainsForTenDays.java:196)
at java.base/jdk.internal.reflect.DirectMethodHandleAccessor.invoke(DirectMethodHandleAccessor.java:103)
at java.base/java.lang.reflect.Method.invoke(Method.java:580)
at org.testng.internal.invokers.MethodInvocationHelper.invokeMethod(MethodInvocationHelper.java:141)
at org.testng.internal.invokers.TestInvoker.invokeMethod(TestInvoker.java:687)
at org.testng.internal.invokers.TestInvoker.invokeTestMethod(TestInvoker.java:230)
at org.testng.internal.invokers.MethodRunner.runInSequence(MethodRunner.java:63)
at org.testng.internal.invokers.TestInvoker$MethodInvocationAgent.invoke(TestInvoker.java:995)
at org.testng.internal.invokers.TestInvoker.invokeTestMethods(TestInvoker.java:203)
at org.testng.internal.invokers.TestMethodWorker.invokeTestMethods(TestMethodWorker.java:154)
at org.testng.internal.invokers.TestMethodWorker.run(TestMethodWorker.java:134)
at java.base/java.util.ArrayList.forEach(ArrayList.java:1596)
at org.testng.TestRunner.privateRun(TestRunner.java:741)
at org.testng.TestRunner.run(TestRunner.java:616)
at org.testng.SuiteRunner.runTest(SuiteRunner.java:421)
at org.testng.SuiteRunner$SuiteWorker.run(SuiteRunner.java:463)
at org.testng.internal.thread.ThreadUtil.lambda$execute$0(ThreadUtil.java:64)
at java.base/java.util.concurrent.FutureTask.run(FutureTask.java:317)
at java.base/java.util.concurrent.ThreadPoolExecutor.runWorker(ThreadPoolExecutor.java:1144)
at java.base/java.util.concurrent.ThreadPoolExecutor$Worker.run(ThreadPoolExecutor.java:642)
at java.base/java.lang.Thread.run(Thread.java:1583)
]]>
            </full-stacktrace>
          </exception> <!-- java.lang.AssertionError -->
          <reporter-output>
          </reporter-output>
        </test-method> <!-- myTest -->
        <test-method is-config="true" signature="tearDown()[pri:0, instance:com.tripgain.trainScripts.TCT_12_VerifySearchFunctionalityForTrainsForTenDays@3bd82cf5]" started-at="2025-07-28T11:12:34 IST" name="tearDown" finished-at="2025-07-28T11:12:34 IST" duration-ms="223" status="PASS">
          <reporter-output>
          </reporter-output>
        </test-method> <!-- tearDown -->
      </class> <!-- com.tripgain.trainScripts.TCT_12_VerifySearchFunctionalityForTrainsForTenDays -->
    </test> <!-- test6 -->
  </suite> <!-- Suite -->
</testng-results>
