<?xml version="1.0" encoding="UTF-8"?>
<!-- Generated by org.testng.reporters.JUnitReportReporter -->
<testsuite hostname="DESKTOP-GQU24M3" failures="2" tests="16" name="com.tripgain.hotaltestscripts.TCH_03_VerifySearchFunctionalityForHotelsForFiveDays" time="1814.224" errors="0" timestamp="2025-07-09T11:59:28 IST" skipped="0">
  <testcase classname="com.tripgain.hotaltestscripts.TCH_03_VerifySearchFunctionalityForHotelsForFiveDays" name="myTest" time="89.485"/>
  <testcase classname="com.tripgain.hotaltestscripts.TCH_03_VerifySearchFunctionalityForHotelsForFiveDays" name="myTest" time="188.806">
    <failure message="null" type="java.lang.AssertionError">
      <![CDATA[java.lang.AssertionError: null
at org.testng.Assert.fail(Assert.java:111)
at org.testng.Assert.fail(Assert.java:116)
at com.tripgain.hotaltestscripts.TCH_03_VerifySearchFunctionalityForHotelsForFiveDays.myTest(TCH_03_VerifySearchFunctionalityForHotelsForFiveDays.java:133)
at java.base/jdk.internal.reflect.DirectMethodHandleAccessor.invoke(DirectMethodHandleAccessor.java:103)
at java.base/java.lang.reflect.Method.invoke(Method.java:580)
at org.testng.internal.invokers.MethodInvocationHelper.invokeMethod(MethodInvocationHelper.java:141)
at org.testng.internal.invokers.TestInvoker.invokeMethod(TestInvoker.java:687)
at org.testng.internal.invokers.TestInvoker.invokeTestMethod(TestInvoker.java:230)
at org.testng.internal.invokers.MethodRunner.runInSequence(MethodRunner.java:63)
at org.testng.internal.invokers.TestInvoker$MethodInvocationAgent.invoke(TestInvoker.java:995)
at org.testng.internal.invokers.TestInvoker.invokeTestMethods(TestInvoker.java:203)
at org.testng.internal.invokers.TestMethodWorker.invokeTestMethods(TestMethodWorker.java:154)
at org.testng.internal.invokers.TestMethodWorker.run(TestMethodWorker.java:134)
at java.base/java.util.ArrayList.forEach(ArrayList.java:1597)
at org.testng.TestRunner.privateRun(TestRunner.java:741)
at org.testng.TestRunner.run(TestRunner.java:616)
at org.testng.SuiteRunner.runTest(SuiteRunner.java:421)
at org.testng.SuiteRunner$SuiteWorker.run(SuiteRunner.java:463)
at org.testng.internal.thread.ThreadUtil.lambda$execute$0(ThreadUtil.java:64)
at java.base/java.util.concurrent.FutureTask.run(FutureTask.java:317)
at java.base/java.util.concurrent.ThreadPoolExecutor.runWorker(ThreadPoolExecutor.java:1144)
at java.base/java.util.concurrent.ThreadPoolExecutor$Worker.run(ThreadPoolExecutor.java:642)
at java.base/java.lang.Thread.run(Thread.java:1575)
]]>
    </failure>
  </testcase> <!-- myTest -->
  <testcase classname="com.tripgain.hotaltestscripts.TCH_03_VerifySearchFunctionalityForHotelsForFiveDays" name="myTest" time="89.663"/>
  <testcase classname="com.tripgain.hotaltestscripts.TCH_03_VerifySearchFunctionalityForHotelsForFiveDays" name="myTest" time="83.520"/>
  <testcase classname="com.tripgain.hotaltestscripts.TCH_03_VerifySearchFunctionalityForHotelsForFiveDays" name="myTest" time="87.093"/>
  <testcase classname="com.tripgain.hotaltestscripts.TCH_03_VerifySearchFunctionalityForHotelsForFiveDays" name="myTest" time="96.482"/>
  <testcase classname="com.tripgain.hotaltestscripts.TCH_03_VerifySearchFunctionalityForHotelsForFiveDays" name="myTest" time="86.021"/>
  <testcase classname="com.tripgain.hotaltestscripts.TCH_03_VerifySearchFunctionalityForHotelsForFiveDays" name="myTest" time="90.426"/>
  <testcase classname="com.tripgain.hotaltestscripts.TCH_03_VerifySearchFunctionalityForHotelsForFiveDays" name="myTest" time="89.503"/>
  <testcase classname="com.tripgain.hotaltestscripts.TCH_03_VerifySearchFunctionalityForHotelsForFiveDays" name="myTest" time="92.824"/>
  <testcase classname="com.tripgain.hotaltestscripts.TCH_03_VerifySearchFunctionalityForHotelsForFiveDays" name="myTest" time="88.840"/>
  <testcase classname="com.tripgain.hotaltestscripts.TCH_03_VerifySearchFunctionalityForHotelsForFiveDays" name="myTest" time="83.495"/>
  <testcase classname="com.tripgain.hotaltestscripts.TCH_03_VerifySearchFunctionalityForHotelsForFiveDays" name="myTest" time="81.989"/>
  <testcase classname="com.tripgain.hotaltestscripts.TCH_03_VerifySearchFunctionalityForHotelsForFiveDays" name="myTest" time="120.129"/>
  <testcase classname="com.tripgain.hotaltestscripts.TCH_03_VerifySearchFunctionalityForHotelsForFiveDays" name="myTest" time="89.439"/>
  <testcase classname="com.tripgain.hotaltestscripts.TCH_03_VerifySearchFunctionalityForHotelsForFiveDays" name="myTest" time="356.509">
    <failure message="null" type="java.lang.AssertionError">
      <![CDATA[java.lang.AssertionError: null
at org.testng.Assert.fail(Assert.java:111)
at org.testng.Assert.fail(Assert.java:116)
at com.tripgain.hotaltestscripts.TCH_03_VerifySearchFunctionalityForHotelsForFiveDays.myTest(TCH_03_VerifySearchFunctionalityForHotelsForFiveDays.java:133)
at java.base/jdk.internal.reflect.DirectMethodHandleAccessor.invoke(DirectMethodHandleAccessor.java:103)
at java.base/java.lang.reflect.Method.invoke(Method.java:580)
at org.testng.internal.invokers.MethodInvocationHelper.invokeMethod(MethodInvocationHelper.java:141)
at org.testng.internal.invokers.TestInvoker.invokeMethod(TestInvoker.java:687)
at org.testng.internal.invokers.TestInvoker.invokeTestMethod(TestInvoker.java:230)
at org.testng.internal.invokers.MethodRunner.runInSequence(MethodRunner.java:63)
at org.testng.internal.invokers.TestInvoker$MethodInvocationAgent.invoke(TestInvoker.java:995)
at org.testng.internal.invokers.TestInvoker.invokeTestMethods(TestInvoker.java:203)
at org.testng.internal.invokers.TestMethodWorker.invokeTestMethods(TestMethodWorker.java:154)
at org.testng.internal.invokers.TestMethodWorker.run(TestMethodWorker.java:134)
at java.base/java.util.ArrayList.forEach(ArrayList.java:1597)
at org.testng.TestRunner.privateRun(TestRunner.java:741)
at org.testng.TestRunner.run(TestRunner.java:616)
at org.testng.SuiteRunner.runTest(SuiteRunner.java:421)
at org.testng.SuiteRunner$SuiteWorker.run(SuiteRunner.java:463)
at org.testng.internal.thread.ThreadUtil.lambda$execute$0(ThreadUtil.java:64)
at java.base/java.util.concurrent.FutureTask.run(FutureTask.java:317)
at java.base/java.util.concurrent.ThreadPoolExecutor.runWorker(ThreadPoolExecutor.java:1144)
at java.base/java.util.concurrent.ThreadPoolExecutor$Worker.run(ThreadPoolExecutor.java:642)
at java.base/java.lang.Thread.run(Thread.java:1575)
]]>
    </failure>
  </testcase> <!-- myTest -->
</testsuite> <!-- com.tripgain.hotaltestscripts.TCH_03_VerifySearchFunctionalityForHotelsForFiveDays -->
